mktextfm ecrm1095
mktextfm ecss1095
mktextfm ecsx1095
mktextfm ecsx1440
mktextfm ecss0900
mktextfm ecsi1095
mktextfm ecrm1200
mktextfm ecss0800
mktextfm ecrm0800
mktextfm ecss0600
mktextfm ecrm0600
mktextfm ecss1000
mktextfm ecsx1000
mktextfm ectt1095
mktextfm ecrm1095
mktextfm ecss1095
mktextfm ecsx1095
mktextfm ecsx1440
mktextfm ecss0900
mktextfm ecsi1095
mktextfm ecrm1200
mktextfm ecss0800
mktextfm ecrm0800
mktextfm ecss0600
mktextfm ecrm0600
mktextfm ecss1000
mktextfm ecsx1000
mktextfm ectt1095
