This is pdfTeX, Version 3.14159265-2.6-1.40.17 (TeX Live 2016/W32TeX) (preloaded format=pdflatex 2016.10.25)  12 JAN 2017 21:54
entering extended mode
 restricted \write18 enabled.
 %&-line parsing enabled.
**"./‹bung 5 Cornelia Hofs‰ﬂ, Aleksej Davletcurin, Sascha Marcel Hacker.tex"
(./‹bung 5 Cornelia Hofs‰ﬂ, Aleksej Davletcurin, Sascha Marcel Hacker.tex
LaTeX2e <2016/03/31> patch level 3
Babel <3.9r> and hyphenation patterns for 8 language(s) loaded.
(./gdb-aufgabenblatt.cls
Document Class: gdb-aufgabenblatt 2009/11/08 v1.0 VSIS-Aufgabenblaetter
(./vsis-aufgabenblatt.cls
Document Class: vsis-aufgabenblatt 2009/11/08 v1.0 VSIS-Aufgabenblaetter

(c:/Users/Cornelia/Documents/Programme/texlive/texmf-dist/tex/latex/koma-script
/scrartcl.cls
Document Class: scrartcl 2016/06/14 v3.21 KOMA-Script document class (article)

(c:/Users/Cornelia/Documents/Programme/texlive/texmf-dist/tex/latex/koma-script
/scrkbase.sty
Package: scrkbase 2016/06/14 v3.21 KOMA-Script package (KOMA-Script-dependent b
asics and keyval usage)

(c:/Users/Cornelia/Documents/Programme/texlive/texmf-dist/tex/latex/koma-script
/scrbase.sty
Package: scrbase 2016/06/14 v3.21 KOMA-Script package (KOMA-Script-independent 
basics and keyval usage)

(c:/Users/Cornelia/Documents/Programme/texlive/texmf-dist/tex/latex/graphics/ke
yval.sty
Package: keyval 2014/10/28 v1.15 key=value parser (DPC)
\KV@toks@=\toks14
)
(c:/Users/Cornelia/Documents/Programme/texlive/texmf-dist/tex/latex/koma-script
/scrlfile.sty
Package: scrlfile 2016/06/14 v3.21 KOMA-Script package (loading files)

Package scrlfile, 2016/06/14 v3.21 KOMA-Script package (loading files)
                  Copyright (C) Markus Kohm

)))
(c:/Users/Cornelia/Documents/Programme/texlive/texmf-dist/tex/latex/koma-script
/tocbasic.sty
Package: tocbasic 2016/06/14 v3.21 KOMA-Script package (handling toc-files)
\scr@dte@tocline@numberwidth=\skip41
\scr@dte@tocline@numbox=\box26
)
Package tocbasic Info: omitting babel extension for `toc'
(tocbasic)             because of feature `nobabel' available
(tocbasic)             for `toc' on input line 130.
Package tocbasic Info: omitting babel extension for `lof'
(tocbasic)             because of feature `nobabel' available
(tocbasic)             for `lof' on input line 131.
Package tocbasic Info: omitting babel extension for `lot'
(tocbasic)             because of feature `nobabel' available
(tocbasic)             for `lot' on input line 132.
Class scrartcl Info: File `scrsize11pt.clo' used instead of
(scrartcl)           file `scrsize11.clo' to setup font sizes on input line 205
2.

(c:/Users/Cornelia/Documents/Programme/texlive/texmf-dist/tex/latex/koma-script
/scrsize11pt.clo
File: scrsize11pt.clo 2016/06/14 v3.21 KOMA-Script font size class option (11pt
)
)
(c:/Users/Cornelia/Documents/Programme/texlive/texmf-dist/tex/latex/koma-script
/typearea.sty
Package: typearea 2016/06/14 v3.21 KOMA-Script package (type area)

Package typearea, 2016/06/14 v3.21 KOMA-Script package (type area)
                  Copyright (C) Frank Neukam, 1992-1994
                  Copyright (C) Markus Kohm, 1994-

\ta@bcor=\skip42
\ta@div=\count79
\ta@hblk=\skip43
\ta@vblk=\skip44
\ta@temp=\skip45
\footheight=\skip46
Package typearea Info: These are the values describing the layout:
(typearea)             DIV  = 10
(typearea)             BCOR = 0.0pt
(typearea)             \paperwidth      = 597.50793pt
(typearea)              \textwidth      = 418.25555pt
(typearea)              DIV departure   = -6%
(typearea)              \evensidemargin = 17.3562pt
(typearea)              \oddsidemargin  = 17.3562pt
(typearea)             \paperheight     = 845.04694pt
(typearea)              \textheight     = 595.80026pt
(typearea)              \topmargin      = -25.16531pt
(typearea)              \headheight     = 17.0pt
(typearea)              \headsep        = 20.40001pt
(typearea)              \topskip        = 11.0pt
(typearea)              \footskip       = 47.6pt
(typearea)              \baselineskip   = 13.6pt
(typearea)              on input line 1529.
)
\c@part=\count80
\c@section=\count81
\c@subsection=\count82
\c@subsubsection=\count83
\c@paragraph=\count84
\c@subparagraph=\count85
\scr@dte@part@maxnumwidth=\skip47
\scr@dte@section@maxnumwidth=\skip48
\scr@dte@subsection@maxnumwidth=\skip49
\scr@dte@subsubsection@maxnumwidth=\skip50
\scr@dte@paragraph@maxnumwidth=\skip51
\scr@dte@subparagraph@maxnumwidth=\skip52
LaTeX Info: Redefining \textsubscript on input line 4036.
\abovecaptionskip=\skip53
\belowcaptionskip=\skip54
\c@pti@nb@sid@b@x=\box27
\c@figure=\count86
\c@table=\count87
Class scrartcl Info: Redefining `\numberline' on input line 5049.
\bibindent=\dimen102
)
(c:/Users/Cornelia/Documents/Programme/texlive/texmf-dist/tex/generic/babel/bab
el.sty
Package: babel 2016/04/23 3.9r The Babel package

(c:/Users/Cornelia/Documents/Programme/texlive/texmf-dist/tex/generic/babel-ger
man/ngerman.ldf
Language: ngerman 2013/12/13 v2.7 German support for babel (new orthography)

(c:/Users/Cornelia/Documents/Programme/texlive/texmf-dist/tex/generic/babel-ger
man/ngermanb.ldf
Language: ngermanb 2013/12/13 v2.7 German support for babel (new orthography)

(c:/Users/Cornelia/Documents/Programme/texlive/texmf-dist/tex/generic/babel/bab
el.def
File: babel.def 2016/04/23 3.9r Babel common definitions
\babel@savecnt=\count88
\U@D=\dimen103
)
\l@naustrian = a dialect from \language\l@ngerman 
\l@nswissgerman = a dialect from \language\l@ngerman 
Package babel Info: Making " an active character on input line 88.
)))
(c:/Users/Cornelia/Documents/Programme/texlive/texmf-dist/tex/latex/base/fonten
c.sty
Package: fontenc 2016/06/19 v1.99m Standard LaTeX package

(c:/Users/Cornelia/Documents/Programme/texlive/texmf-dist/tex/latex/base/t1enc.
def
File: t1enc.def 2016/06/19 v1.99m Standard LaTeX file
LaTeX Font Info:    Redeclaring font encoding T1 on input line 48.
))
(c:/Users/Cornelia/Documents/Programme/texlive/texmf-dist/tex/latex/graphics/gr
aphicx.sty
Package: graphicx 2014/10/28 v1.0g Enhanced LaTeX Graphics (DPC,SPQR)

(c:/Users/Cornelia/Documents/Programme/texlive/texmf-dist/tex/latex/graphics/gr
aphics.sty
Package: graphics 2016/07/10 v1.0t Standard LaTeX Graphics (DPC,SPQR)

(c:/Users/Cornelia/Documents/Programme/texlive/texmf-dist/tex/latex/graphics/tr
ig.sty
Package: trig 2016/01/03 v1.10 sin cos tan (DPC)
)
(c:/Users/Cornelia/Documents/Programme/texlive/texmf-dist/tex/latex/graphics-cf
g/graphics.cfg
File: graphics.cfg 2016/06/04 v1.11 sample graphics configuration
)
Package graphics Info: Driver file: pdftex.def on input line 99.

(c:/Users/Cornelia/Documents/Programme/texlive/texmf-dist/tex/latex/graphics-de
f/pdftex.def
File: pdftex.def 2016/07/10 v0.06j Graphics/color for pdfTeX

(c:/Users/Cornelia/Documents/Programme/texlive/texmf-dist/tex/generic/oberdiek/
infwarerr.sty
Package: infwarerr 2016/05/16 v1.4 Providing info/warning/error messages (HO)
)
(c:/Users/Cornelia/Documents/Programme/texlive/texmf-dist/tex/generic/oberdiek/
ltxcmds.sty
Package: ltxcmds 2016/05/16 v1.23 LaTeX kernel commands for general use (HO)
)
\Gread@gobject=\count89
))
\Gin@req@height=\dimen104
\Gin@req@width=\dimen105
)
(c:/Users/Cornelia/Documents/Programme/texlive/texmf-dist/tex/latex/xcolor/xcol
or.sty
Package: xcolor 2016/05/11 v2.12 LaTeX color extensions (UK)

(c:/Users/Cornelia/Documents/Programme/texlive/texmf-dist/tex/latex/graphics-cf
g/color.cfg
File: color.cfg 2016/01/02 v1.6 sample color configuration
)
Package xcolor Info: Driver file: pdftex.def on input line 225.
Package xcolor Info: Model `cmy' substituted by `cmy0' on input line 1348.
Package xcolor Info: Model `hsb' substituted by `rgb' on input line 1352.
Package xcolor Info: Model `RGB' extended on input line 1364.
Package xcolor Info: Model `HTML' substituted by `rgb' on input line 1366.
Package xcolor Info: Model `Hsb' substituted by `hsb' on input line 1367.
Package xcolor Info: Model `tHsb' substituted by `hsb' on input line 1368.
Package xcolor Info: Model `HSB' substituted by `hsb' on input line 1369.
Package xcolor Info: Model `Gray' substituted by `gray' on input line 1370.
Package xcolor Info: Model `wave' substituted by `hsb' on input line 1371.
)
(c:/Users/Cornelia/Documents/Programme/texlive/texmf-dist/tex/latex/framed/fram
ed.sty
Package: framed 2011/10/22 v 0.96: framed or shaded text with page breaks
\OuterFrameSep=\skip55
\fb@frw=\dimen106
\fb@frh=\dimen107
\FrameRule=\dimen108
\FrameSep=\dimen109
)
(c:/Users/Cornelia/Documents/Programme/texlive/texmf-dist/tex/latex/tools/tabul
arx.sty
Package: tabularx 2016/02/03 v2.11 `tabularx' package (DPC)

(c:/Users/Cornelia/Documents/Programme/texlive/texmf-dist/tex/latex/tools/array
.sty
Package: array 2014/10/28 v2.4c Tabular extension package (FMi)
\col@sep=\dimen110
\extrarowheight=\dimen111
\NC@list=\toks15
\extratabsurround=\skip56
\backup@length=\skip57
)
\TX@col@width=\dimen112
\TX@old@table=\dimen113
\TX@old@col=\dimen114
\TX@target=\dimen115
\TX@delta=\dimen116
\TX@cols=\count90
\TX@ftn=\toks16
)
(c:/Users/Cornelia/Documents/Programme/texlive/texmf-dist/tex/latex/multirow/mu
ltirow.sty
Package: multirow 2016/10/11 v2.1 Span multiple rows of a table
\multirow@colwidth=\skip58
\multirow@cnta=\count91
\multirow@cntb=\count92
\multirow@dima=\skip59
\bigstrutjot=\dimen117
) (./sfmath.sty
Package: sfmath 2007/08/27 v0.8 sans serif maths
LaTeX Font Info:    Overwriting symbol font `operators' in version `normal'
(Font)                  OT1/cmr/m/n --> OT1/cmss/m/n on input line 329.
LaTeX Font Info:    Overwriting symbol font `operators' in version `bold'
(Font)                  OT1/cmr/bx/n --> OT1/cmss/bx/n on input line 330.
\symSFMath=\mathgroup4
LaTeX Font Info:    Overwriting symbol font `SFMath' in version `normal'
(Font)                  OT1/cmss/m/sl --> OT1/cmss/m/sl on input line 343.
LaTeX Font Info:    Overwriting symbol font `SFMath' in version `bold'
(Font)                  OT1/cmss/m/sl --> OT1/cmss/bx/n on input line 344.
LaTeX Font Info:    Redeclaring math symbol \imath on input line 398.
LaTeX Font Info:    Redeclaring math symbol \jmath on input line 399.
\symSFMathUp=\mathgroup5
LaTeX Font Info:    Overwriting symbol font `SFMathUp' in version `normal'
(Font)                  OT1/cmss/m/n --> OT1/cmss/m/n on input line 406.
LaTeX Font Info:    Overwriting symbol font `SFMathUp' in version `bold'
(Font)                  OT1/cmss/m/n --> OT1/cmss/bx/n on input line 407.
LaTeX Font Info:    Redeclaring math symbol \ldotp on input line 410.
\symSFMathGreek=\mathgroup6
LaTeX Font Info:    Overwriting symbol font `SFMathGreek' in version `normal'
(Font)                  OT1/cmss/m/n --> OT1/cmss/m/n on input line 419.
LaTeX Font Info:    Overwriting symbol font `SFMathGreek' in version `bold'
(Font)                  OT1/cmss/m/n --> OT1/cmss/bx/n on input line 420.
LaTeX Font Info:    Redeclaring math symbol \Gamma on input line 422.
LaTeX Font Info:    Redeclaring math symbol \Delta on input line 423.
LaTeX Font Info:    Redeclaring math symbol \Theta on input line 424.
LaTeX Font Info:    Redeclaring math symbol \Lambda on input line 425.
LaTeX Font Info:    Redeclaring math symbol \Xi on input line 426.
LaTeX Font Info:    Redeclaring math symbol \Pi on input line 427.
LaTeX Font Info:    Redeclaring math symbol \Sigma on input line 428.
LaTeX Font Info:    Redeclaring math symbol \Upsilon on input line 429.
LaTeX Font Info:    Redeclaring math symbol \Phi on input line 430.
LaTeX Font Info:    Redeclaring math symbol \Psi on input line 431.
LaTeX Font Info:    Redeclaring math symbol \Omega on input line 432.
\symSFMathUpGreek=\mathgroup7
LaTeX Font Info:    Overwriting symbol font `SFMathUpGreek' in version `normal'

(Font)                  OT1/cmss/m/n --> OT1/cmss/m/n on input line 436.
LaTeX Font Info:    Overwriting symbol font `SFMathUpGreek' in version `bold'
(Font)                  OT1/cmss/m/n --> OT1/cmss/bx/n on input line 437.
LaTeX Font Info:    Overwriting math alphabet `\mathnormal' in version `normal'

(Font)                  OML/cmm/m/it --> OT1/cmss/m/sl on input line 446.
LaTeX Font Info:    Overwriting math alphabet `\mathnormal' in version `bold'
(Font)                  OML/cmm/b/it --> OT1/cmss/bx/n on input line 447.
LaTeX Font Info:    Overwriting math alphabet `\mathrm' in version `normal'
(Font)                  OT1/cmss/m/n --> OT1/cmss/m/n on input line 449.
LaTeX Font Info:    Overwriting math alphabet `\mathrm' in version `bold'
(Font)                  OT1/cmss/bx/n --> OT1/cmss/bx/n on input line 450.
LaTeX Font Info:    Overwriting math alphabet `\mathbf' in version `normal'
(Font)                  OT1/cmr/bx/n --> OT1/cmss/bx/n on input line 452.
LaTeX Font Info:    Overwriting math alphabet `\mathbf' in version `bold'
(Font)                  OT1/cmr/bx/n --> OT1/cmss/bx/n on input line 453.
LaTeX Font Info:    Overwriting math alphabet `\mathit' in version `normal'
(Font)                  OT1/cmr/m/it --> OT1/cmss/m/sl on input line 455.
LaTeX Font Info:    Overwriting math alphabet `\mathit' in version `bold'
(Font)                  OT1/cmr/bx/it --> OT1/cmss/m/sl on input line 456.
LaTeX Font Info:    Overwriting math alphabet `\mathsf' in version `normal'
(Font)                  OT1/cmss/m/n --> OT1/cmss/m/n on input line 458.
LaTeX Font Info:    Overwriting math alphabet `\mathsf' in version `bold'
(Font)                  OT1/cmss/bx/n --> OT1/cmss/bx/n on input line 459.
LaTeX Font Info:    Overwriting math alphabet `\mathsl' in version `bold'
(Font)                  OT1/cmss/m/sl --> OT1/cmss/m/sl on input line 466.
)
(c:/Users/Cornelia/Documents/Programme/texlive/texmf-dist/tex/latex/uri/uri.sty
Package: uri 2011/03/04 v1.0a Hyperlinks URIs like DOI,HDL,NBN,PubMed (HMM)

(c:/Users/Cornelia/Documents/Programme/texlive/texmf-dist/tex/latex/oberdiek/kv
options.sty
Package: kvoptions 2016/05/16 v3.12 Key value format for package options (HO)

(c:/Users/Cornelia/Documents/Programme/texlive/texmf-dist/tex/generic/oberdiek/
kvsetkeys.sty
Package: kvsetkeys 2016/05/16 v1.17 Key value parser (HO)

(c:/Users/Cornelia/Documents/Programme/texlive/texmf-dist/tex/generic/oberdiek/
etexcmds.sty
Package: etexcmds 2016/05/16 v1.6 Avoid name clashes with e-TeX commands (HO)

(c:/Users/Cornelia/Documents/Programme/texlive/texmf-dist/tex/generic/oberdiek/
ifluatex.sty
Package: ifluatex 2016/05/16 v1.4 Provides the ifluatex switch (HO)
Package ifluatex Info: LuaTeX not detected.
)
Package etexcmds Info: Could not find \expanded.
(etexcmds)             That can mean that you are not using pdfTeX 1.50 or
(etexcmds)             that some package has redefined \expanded.
(etexcmds)             In the latter case, load this package earlier.
)))
(c:/Users/Cornelia/Documents/Programme/texlive/texmf-dist/tex/latex/url/url.sty
\Urlmuskip=\muskip10
Package: url 2013/09/16  ver 3.4  Verb mode for urls, etc.
))
(c:/Users/Cornelia/Documents/Programme/texlive/texmf-dist/tex/latex/koma-script
/scrpage2.sty
Package: scrpage2 2016/06/14 v3.21 KOMA-Script package (page head and foot)
LaTeX Info: Redefining \pagemark on input line 174.
) (./vsis-gdb.sty
Package: vsis-gdb 2009/11/27 v1.2 Nuetzliche Makros fuer GDB

(c:/Users/Cornelia/Documents/Programme/texlive/texmf-dist/tex/latex/setspace/se
tspace.sty
Package: setspace 2011/12/19 v6.7a set line spacing
)
(c:/Users/Cornelia/Documents/Programme/texlive/texmf-dist/tex/latex/amsmath/ams
math.sty
Package: amsmath 2016/06/28 v2.15d AMS math features
\@mathmargin=\skip60

For additional information on amsmath, use the `?' option.

(c:/Users/Cornelia/Documents/Programme/texlive/texmf-dist/tex/latex/amsmath/ams
text.sty
Package: amstext 2000/06/29 v2.01 AMS text

(c:/Users/Cornelia/Documents/Programme/texlive/texmf-dist/tex/latex/amsmath/ams
gen.sty
File: amsgen.sty 1999/11/30 v2.0 generic functions
\@emptytoks=\toks17
\ex@=\dimen118
))
(c:/Users/Cornelia/Documents/Programme/texlive/texmf-dist/tex/latex/amsmath/ams
bsy.sty
Package: amsbsy 1999/11/29 v1.2d Bold Symbols
\pmbraise@=\dimen119
)
(c:/Users/Cornelia/Documents/Programme/texlive/texmf-dist/tex/latex/amsmath/ams
opn.sty
Package: amsopn 2016/03/08 v2.02 operator names
)
\inf@bad=\count93
LaTeX Info: Redefining \frac on input line 199.
\uproot@=\count94
\leftroot@=\count95
LaTeX Info: Redefining \overline on input line 297.
\classnum@=\count96
\DOTSCASE@=\count97
LaTeX Info: Redefining \ldots on input line 394.
LaTeX Info: Redefining \dots on input line 397.
LaTeX Info: Redefining \cdots on input line 518.
\Mathstrutbox@=\box28
\strutbox@=\box29
\big@size=\dimen120
LaTeX Font Info:    Redeclaring font encoding OML on input line 634.
LaTeX Font Info:    Redeclaring font encoding OMS on input line 635.
\macc@depth=\count98
\c@MaxMatrixCols=\count99
\dotsspace@=\muskip11
\c@parentequation=\count100
\dspbrk@lvl=\count101
\tag@help=\toks18
\row@=\count102
\column@=\count103
\maxfields@=\count104
\andhelp@=\toks19
\eqnshift@=\dimen121
\alignsep@=\dimen122
\tagshift@=\dimen123
\tagwidth@=\dimen124
\totwidth@=\dimen125
\lineht@=\dimen126
\@envbody=\toks20
\multlinegap=\skip61
\multlinetaggap=\skip62
\mathdisplay@stack=\toks21
LaTeX Info: Redefining \[ on input line 2739.
LaTeX Info: Redefining \] on input line 2740.
)
(c:/Users/Cornelia/Documents/Programme/texlive/texmf-dist/tex/latex/base/latexs
ym.sty
Package: latexsym 1998/08/17 v2.2e Standard LaTeX package (lasy symbols)
\symlasy=\mathgroup8
LaTeX Font Info:    Overwriting symbol font `lasy' in version `bold'
(Font)                  U/lasy/m/n --> U/lasy/b/n on input line 52.
)
(c:/Users/Cornelia/Documents/Programme/texlive/texmf-dist/tex/generic/ulem/ulem
.sty
\UL@box=\box30
\UL@hyphenbox=\box31
\UL@skip=\skip63
\UL@hook=\toks22
\UL@height=\dimen127
\UL@pe=\count105
\UL@pixel=\dimen128
\ULC@box=\box32
Package: ulem 2012/05/18
\ULdepth=\dimen129
)
(c:/Users/Cornelia/Documents/Programme/texlive/texmf-dist/tex/latex/pgf/fronten
dlayer/tikz.sty
(c:/Users/Cornelia/Documents/Programme/texlive/texmf-dist/tex/latex/pgf/basicla
yer/pgf.sty
(c:/Users/Cornelia/Documents/Programme/texlive/texmf-dist/tex/latex/pgf/utiliti
es/pgfrcs.sty
(c:/Users/Cornelia/Documents/Programme/texlive/texmf-dist/tex/generic/pgf/utili
ties/pgfutil-common.tex
\pgfutil@everybye=\toks23
\pgfutil@tempdima=\dimen130
\pgfutil@tempdimb=\dimen131

(c:/Users/Cornelia/Documents/Programme/texlive/texmf-dist/tex/generic/pgf/utili
ties/pgfutil-common-lists.tex))
(c:/Users/Cornelia/Documents/Programme/texlive/texmf-dist/tex/generic/pgf/utili
ties/pgfutil-latex.def
\pgfutil@abb=\box33

(c:/Users/Cornelia/Documents/Programme/texlive/texmf-dist/tex/latex/ms/everyshi
.sty
Package: everyshi 2001/05/15 v3.00 EveryShipout Package (MS)
))
(c:/Users/Cornelia/Documents/Programme/texlive/texmf-dist/tex/generic/pgf/utili
ties/pgfrcs.code.tex
Package: pgfrcs 2015/08/07 v3.0.1a (rcs-revision 1.31)
))
Package: pgf 2015/08/07 v3.0.1a (rcs-revision 1.15)

(c:/Users/Cornelia/Documents/Programme/texlive/texmf-dist/tex/latex/pgf/basicla
yer/pgfcore.sty
(c:/Users/Cornelia/Documents/Programme/texlive/texmf-dist/tex/latex/pgf/systeml
ayer/pgfsys.sty
(c:/Users/Cornelia/Documents/Programme/texlive/texmf-dist/tex/generic/pgf/syste
mlayer/pgfsys.code.tex
Package: pgfsys 2014/07/09 v3.0.1a (rcs-revision 1.48)

(c:/Users/Cornelia/Documents/Programme/texlive/texmf-dist/tex/generic/pgf/utili
ties/pgfkeys.code.tex
\pgfkeys@pathtoks=\toks24
\pgfkeys@temptoks=\toks25

(c:/Users/Cornelia/Documents/Programme/texlive/texmf-dist/tex/generic/pgf/utili
ties/pgfkeysfiltered.code.tex
\pgfkeys@tmptoks=\toks26
))
\pgf@x=\dimen132
\pgf@y=\dimen133
\pgf@xa=\dimen134
\pgf@ya=\dimen135
\pgf@xb=\dimen136
\pgf@yb=\dimen137
\pgf@xc=\dimen138
\pgf@yc=\dimen139
\w@pgf@writea=\write3
\r@pgf@reada=\read1
\c@pgf@counta=\count106
\c@pgf@countb=\count107
\c@pgf@countc=\count108
\c@pgf@countd=\count109
\t@pgf@toka=\toks27
\t@pgf@tokb=\toks28
\t@pgf@tokc=\toks29

(c:/Users/Cornelia/Documents/Programme/texlive/texmf-dist/tex/generic/pgf/syste
mlayer/pgf.cfg
File: pgf.cfg 2008/05/14  (rcs-revision 1.7)
)
Driver file for pgf: pgfsys-pdftex.def

(c:/Users/Cornelia/Documents/Programme/texlive/texmf-dist/tex/generic/pgf/syste
mlayer/pgfsys-pdftex.def
File: pgfsys-pdftex.def 2014/10/11  (rcs-revision 1.35)

(c:/Users/Cornelia/Documents/Programme/texlive/texmf-dist/tex/generic/pgf/syste
mlayer/pgfsys-common-pdf.def
File: pgfsys-common-pdf.def 2013/10/10  (rcs-revision 1.13)
)))
(c:/Users/Cornelia/Documents/Programme/texlive/texmf-dist/tex/generic/pgf/syste
mlayer/pgfsyssoftpath.code.tex
File: pgfsyssoftpath.code.tex 2013/09/09  (rcs-revision 1.9)
\pgfsyssoftpath@smallbuffer@items=\count110
\pgfsyssoftpath@bigbuffer@items=\count111
)
(c:/Users/Cornelia/Documents/Programme/texlive/texmf-dist/tex/generic/pgf/syste
mlayer/pgfsysprotocol.code.tex
File: pgfsysprotocol.code.tex 2006/10/16  (rcs-revision 1.4)
))
(c:/Users/Cornelia/Documents/Programme/texlive/texmf-dist/tex/generic/pgf/basic
layer/pgfcore.code.tex
Package: pgfcore 2010/04/11 v3.0.1a (rcs-revision 1.7)

(c:/Users/Cornelia/Documents/Programme/texlive/texmf-dist/tex/generic/pgf/math/
pgfmath.code.tex
(c:/Users/Cornelia/Documents/Programme/texlive/texmf-dist/tex/generic/pgf/math/
pgfmathcalc.code.tex
(c:/Users/Cornelia/Documents/Programme/texlive/texmf-dist/tex/generic/pgf/math/
pgfmathutil.code.tex)
(c:/Users/Cornelia/Documents/Programme/texlive/texmf-dist/tex/generic/pgf/math/
pgfmathparser.code.tex
\pgfmath@dimen=\dimen140
\pgfmath@count=\count112
\pgfmath@box=\box34
\pgfmath@toks=\toks30
\pgfmath@stack@operand=\toks31
\pgfmath@stack@operation=\toks32
)
(c:/Users/Cornelia/Documents/Programme/texlive/texmf-dist/tex/generic/pgf/math/
pgfmathfunctions.code.tex
(c:/Users/Cornelia/Documents/Programme/texlive/texmf-dist/tex/generic/pgf/math/
pgfmathfunctions.basic.code.tex)
(c:/Users/Cornelia/Documents/Programme/texlive/texmf-dist/tex/generic/pgf/math/
pgfmathfunctions.trigonometric.code.tex)
(c:/Users/Cornelia/Documents/Programme/texlive/texmf-dist/tex/generic/pgf/math/
pgfmathfunctions.random.code.tex)
(c:/Users/Cornelia/Documents/Programme/texlive/texmf-dist/tex/generic/pgf/math/
pgfmathfunctions.comparison.code.tex)
(c:/Users/Cornelia/Documents/Programme/texlive/texmf-dist/tex/generic/pgf/math/
pgfmathfunctions.base.code.tex)
(c:/Users/Cornelia/Documents/Programme/texlive/texmf-dist/tex/generic/pgf/math/
pgfmathfunctions.round.code.tex)
(c:/Users/Cornelia/Documents/Programme/texlive/texmf-dist/tex/generic/pgf/math/
pgfmathfunctions.misc.code.tex)
(c:/Users/Cornelia/Documents/Programme/texlive/texmf-dist/tex/generic/pgf/math/
pgfmathfunctions.integerarithmetics.code.tex)))
(c:/Users/Cornelia/Documents/Programme/texlive/texmf-dist/tex/generic/pgf/math/
pgfmathfloat.code.tex
\c@pgfmathroundto@lastzeros=\count113
))
(c:/Users/Cornelia/Documents/Programme/texlive/texmf-dist/tex/generic/pgf/basic
layer/pgfcorepoints.code.tex
File: pgfcorepoints.code.tex 2013/10/07  (rcs-revision 1.27)
\pgf@picminx=\dimen141
\pgf@picmaxx=\dimen142
\pgf@picminy=\dimen143
\pgf@picmaxy=\dimen144
\pgf@pathminx=\dimen145
\pgf@pathmaxx=\dimen146
\pgf@pathminy=\dimen147
\pgf@pathmaxy=\dimen148
\pgf@xx=\dimen149
\pgf@xy=\dimen150
\pgf@yx=\dimen151
\pgf@yy=\dimen152
\pgf@zx=\dimen153
\pgf@zy=\dimen154
)
(c:/Users/Cornelia/Documents/Programme/texlive/texmf-dist/tex/generic/pgf/basic
layer/pgfcorepathconstruct.code.tex
File: pgfcorepathconstruct.code.tex 2013/10/07  (rcs-revision 1.29)
\pgf@path@lastx=\dimen155
\pgf@path@lasty=\dimen156
)
(c:/Users/Cornelia/Documents/Programme/texlive/texmf-dist/tex/generic/pgf/basic
layer/pgfcorepathusage.code.tex
File: pgfcorepathusage.code.tex 2014/11/02  (rcs-revision 1.24)
\pgf@shorten@end@additional=\dimen157
\pgf@shorten@start@additional=\dimen158
)
(c:/Users/Cornelia/Documents/Programme/texlive/texmf-dist/tex/generic/pgf/basic
layer/pgfcorescopes.code.tex
File: pgfcorescopes.code.tex 2015/05/08  (rcs-revision 1.46)
\pgfpic=\box35
\pgf@hbox=\box36
\pgf@layerbox@main=\box37
\pgf@picture@serial@count=\count114
)
(c:/Users/Cornelia/Documents/Programme/texlive/texmf-dist/tex/generic/pgf/basic
layer/pgfcoregraphicstate.code.tex
File: pgfcoregraphicstate.code.tex 2014/11/02  (rcs-revision 1.12)
\pgflinewidth=\dimen159
)
(c:/Users/Cornelia/Documents/Programme/texlive/texmf-dist/tex/generic/pgf/basic
layer/pgfcoretransformations.code.tex
File: pgfcoretransformations.code.tex 2015/08/07  (rcs-revision 1.20)
\pgf@pt@x=\dimen160
\pgf@pt@y=\dimen161
\pgf@pt@temp=\dimen162
)
(c:/Users/Cornelia/Documents/Programme/texlive/texmf-dist/tex/generic/pgf/basic
layer/pgfcorequick.code.tex
File: pgfcorequick.code.tex 2008/10/09  (rcs-revision 1.3)
)
(c:/Users/Cornelia/Documents/Programme/texlive/texmf-dist/tex/generic/pgf/basic
layer/pgfcoreobjects.code.tex
File: pgfcoreobjects.code.tex 2006/10/11  (rcs-revision 1.2)
)
(c:/Users/Cornelia/Documents/Programme/texlive/texmf-dist/tex/generic/pgf/basic
layer/pgfcorepathprocessing.code.tex
File: pgfcorepathprocessing.code.tex 2013/09/09  (rcs-revision 1.9)
)
(c:/Users/Cornelia/Documents/Programme/texlive/texmf-dist/tex/generic/pgf/basic
layer/pgfcorearrows.code.tex
File: pgfcorearrows.code.tex 2015/05/14  (rcs-revision 1.43)
\pgfarrowsep=\dimen163
)
(c:/Users/Cornelia/Documents/Programme/texlive/texmf-dist/tex/generic/pgf/basic
layer/pgfcoreshade.code.tex
File: pgfcoreshade.code.tex 2013/07/15  (rcs-revision 1.15)
\pgf@max=\dimen164
\pgf@sys@shading@range@num=\count115
)
(c:/Users/Cornelia/Documents/Programme/texlive/texmf-dist/tex/generic/pgf/basic
layer/pgfcoreimage.code.tex
File: pgfcoreimage.code.tex 2013/07/15  (rcs-revision 1.18)

(c:/Users/Cornelia/Documents/Programme/texlive/texmf-dist/tex/generic/pgf/basic
layer/pgfcoreexternal.code.tex
File: pgfcoreexternal.code.tex 2014/07/09  (rcs-revision 1.21)
\pgfexternal@startupbox=\box38
))
(c:/Users/Cornelia/Documents/Programme/texlive/texmf-dist/tex/generic/pgf/basic
layer/pgfcorelayers.code.tex
File: pgfcorelayers.code.tex 2013/07/18  (rcs-revision 1.7)
)
(c:/Users/Cornelia/Documents/Programme/texlive/texmf-dist/tex/generic/pgf/basic
layer/pgfcoretransparency.code.tex
File: pgfcoretransparency.code.tex 2013/09/30  (rcs-revision 1.5)
)
(c:/Users/Cornelia/Documents/Programme/texlive/texmf-dist/tex/generic/pgf/basic
layer/pgfcorepatterns.code.tex
File: pgfcorepatterns.code.tex 2013/11/07  (rcs-revision 1.5)
)))
(c:/Users/Cornelia/Documents/Programme/texlive/texmf-dist/tex/generic/pgf/modul
es/pgfmoduleshapes.code.tex
File: pgfmoduleshapes.code.tex 2014/03/21  (rcs-revision 1.35)
\pgfnodeparttextbox=\box39
)
(c:/Users/Cornelia/Documents/Programme/texlive/texmf-dist/tex/generic/pgf/modul
es/pgfmoduleplot.code.tex
File: pgfmoduleplot.code.tex 2015/08/03  (rcs-revision 1.13)
)
(c:/Users/Cornelia/Documents/Programme/texlive/texmf-dist/tex/latex/pgf/compati
bility/pgfcomp-version-0-65.sty
Package: pgfcomp-version-0-65 2007/07/03 v3.0.1a (rcs-revision 1.7)
\pgf@nodesepstart=\dimen165
\pgf@nodesepend=\dimen166
)
(c:/Users/Cornelia/Documents/Programme/texlive/texmf-dist/tex/latex/pgf/compati
bility/pgfcomp-version-1-18.sty
Package: pgfcomp-version-1-18 2007/07/23 v3.0.1a (rcs-revision 1.1)
))
(c:/Users/Cornelia/Documents/Programme/texlive/texmf-dist/tex/latex/pgf/utiliti
es/pgffor.sty
(c:/Users/Cornelia/Documents/Programme/texlive/texmf-dist/tex/latex/pgf/utiliti
es/pgfkeys.sty
(c:/Users/Cornelia/Documents/Programme/texlive/texmf-dist/tex/generic/pgf/utili
ties/pgfkeys.code.tex))
(c:/Users/Cornelia/Documents/Programme/texlive/texmf-dist/tex/latex/pgf/math/pg
fmath.sty
(c:/Users/Cornelia/Documents/Programme/texlive/texmf-dist/tex/generic/pgf/math/
pgfmath.code.tex))
(c:/Users/Cornelia/Documents/Programme/texlive/texmf-dist/tex/generic/pgf/utili
ties/pgffor.code.tex
Package: pgffor 2013/12/13 v3.0.1a (rcs-revision 1.25)

(c:/Users/Cornelia/Documents/Programme/texlive/texmf-dist/tex/generic/pgf/math/
pgfmath.code.tex)
\pgffor@iter=\dimen167
\pgffor@skip=\dimen168
\pgffor@stack=\toks33
\pgffor@toks=\toks34
))
(c:/Users/Cornelia/Documents/Programme/texlive/texmf-dist/tex/generic/pgf/front
endlayer/tikz/tikz.code.tex
Package: tikz 2015/08/07 v3.0.1a (rcs-revision 1.151)

(c:/Users/Cornelia/Documents/Programme/texlive/texmf-dist/tex/generic/pgf/libra
ries/pgflibraryplothandlers.code.tex
File: pgflibraryplothandlers.code.tex 2013/08/31 v3.0.1a (rcs-revision 1.20)
\pgf@plot@mark@count=\count116
\pgfplotmarksize=\dimen169
)
\tikz@lastx=\dimen170
\tikz@lasty=\dimen171
\tikz@lastxsaved=\dimen172
\tikz@lastysaved=\dimen173
\tikzleveldistance=\dimen174
\tikzsiblingdistance=\dimen175
\tikz@figbox=\box40
\tikz@figbox@bg=\box41
\tikz@tempbox=\box42
\tikz@tempbox@bg=\box43
\tikztreelevel=\count117
\tikznumberofchildren=\count118
\tikznumberofcurrentchild=\count119
\tikz@fig@count=\count120

(c:/Users/Cornelia/Documents/Programme/texlive/texmf-dist/tex/generic/pgf/modul
es/pgfmodulematrix.code.tex
File: pgfmodulematrix.code.tex 2013/09/17  (rcs-revision 1.8)
\pgfmatrixcurrentrow=\count121
\pgfmatrixcurrentcolumn=\count122
\pgf@matrix@numberofcolumns=\count123
)
\tikz@expandcount=\count124

(c:/Users/Cornelia/Documents/Programme/texlive/texmf-dist/tex/generic/pgf/front
endlayer/tikz/libraries/tikzlibrarytopaths.code.tex
File: tikzlibrarytopaths.code.tex 2008/06/17 v3.0.1a (rcs-revision 1.2)
)))
(c:/Users/Cornelia/Documents/Programme/texlive/texmf-dist/tex/generic/pgf/front
endlayer/tikz/libraries/tikzlibraryarrows.code.tex
File: tikzlibraryarrows.code.tex 2008/01/09 v3.0.1a (rcs-revision 1.1)

(c:/Users/Cornelia/Documents/Programme/texlive/texmf-dist/tex/generic/pgf/libra
ries/pgflibraryarrows.code.tex
File: pgflibraryarrows.code.tex 2013/09/23 v3.0.1a (rcs-revision 1.16)
\arrowsize=\dimen176
))
(c:/Users/Cornelia/Documents/Programme/texlive/texmf-dist/tex/generic/pgf/front
endlayer/tikz/libraries/tikzlibrarypositioning.code.tex
File: tikzlibrarypositioning.code.tex 2008/10/06 v3.0.1a (rcs-revision 1.7)
)
(c:/Users/Cornelia/Documents/Programme/texlive/texmf-dist/tex/generic/pgf/front
endlayer/tikz/libraries/tikzlibrarycalc.code.tex
File: tikzlibrarycalc.code.tex 2013/07/15 v3.0.1a (rcs-revision 1.9)
)
(c:/Users/Cornelia/Documents/Programme/texlive/texmf-dist/tex/generic/pgf/front
endlayer/tikz/libraries/tikzlibraryfit.code.tex
File: tikzlibraryfit.code.tex 2013/07/12 v3.0.1a (rcs-revision 1.5)
)
(c:/Users/Cornelia/Documents/Programme/texlive/texmf-dist/tex/generic/pgf/front
endlayer/tikz/libraries/tikzlibraryshapes.code.tex
File: tikzlibraryshapes.code.tex 2008/01/09 v3.0.1a (rcs-revision 1.1)

(c:/Users/Cornelia/Documents/Programme/texlive/texmf-dist/tex/generic/pgf/front
endlayer/tikz/libraries/tikzlibraryshapes.geometric.code.tex
File: tikzlibraryshapes.geometric.code.tex 2008/01/09 v3.0.1a (rcs-revision 1.1
)

(c:/Users/Cornelia/Documents/Programme/texlive/texmf-dist/tex/generic/pgf/libra
ries/shapes/pgflibraryshapes.geometric.code.tex
File: pgflibraryshapes.geometric.code.tex 2008/06/26 v3.0.1a (rcs-revision 1.1)

))
(c:/Users/Cornelia/Documents/Programme/texlive/texmf-dist/tex/generic/pgf/front
endlayer/tikz/libraries/tikzlibraryshapes.misc.code.tex
File: tikzlibraryshapes.misc.code.tex 2008/01/09 v3.0.1a (rcs-revision 1.1)

(c:/Users/Cornelia/Documents/Programme/texlive/texmf-dist/tex/generic/pgf/libra
ries/shapes/pgflibraryshapes.misc.code.tex
File: pgflibraryshapes.misc.code.tex 2013/07/18 v3.0.1a (rcs-revision 1.5)
))
(c:/Users/Cornelia/Documents/Programme/texlive/texmf-dist/tex/generic/pgf/front
endlayer/tikz/libraries/tikzlibraryshapes.symbols.code.tex
File: tikzlibraryshapes.symbols.code.tex 2008/01/09 v3.0.1a (rcs-revision 1.1)

(c:/Users/Cornelia/Documents/Programme/texlive/texmf-dist/tex/generic/pgf/libra
ries/shapes/pgflibraryshapes.symbols.code.tex
File: pgflibraryshapes.symbols.code.tex 2013/09/11 v3.0.1a (rcs-revision 1.6)
))
(c:/Users/Cornelia/Documents/Programme/texlive/texmf-dist/tex/generic/pgf/front
endlayer/tikz/libraries/tikzlibraryshapes.arrows.code.tex
File: tikzlibraryshapes.arrows.code.tex 2008/01/09 v3.0.1a (rcs-revision 1.1)

(c:/Users/Cornelia/Documents/Programme/texlive/texmf-dist/tex/generic/pgf/libra
ries/shapes/pgflibraryshapes.arrows.code.tex
File: pgflibraryshapes.arrows.code.tex 2008/06/26 v3.0.1a (rcs-revision 1.1)
))
(c:/Users/Cornelia/Documents/Programme/texlive/texmf-dist/tex/generic/pgf/front
endlayer/tikz/libraries/tikzlibraryshapes.callouts.code.tex
(c:/Users/Cornelia/Documents/Programme/texlive/texmf-dist/tex/generic/pgf/libra
ries/shapes/pgflibraryshapes.callouts.code.tex))
(c:/Users/Cornelia/Documents/Programme/texlive/texmf-dist/tex/generic/pgf/front
endlayer/tikz/libraries/tikzlibraryshapes.multipart.code.tex
File: tikzlibraryshapes.multipart.code.tex 2008/01/09 v3.0.1a (rcs-revision 1.1
)

(c:/Users/Cornelia/Documents/Programme/texlive/texmf-dist/tex/generic/pgf/libra
ries/shapes/pgflibraryshapes.multipart.code.tex
File: pgflibraryshapes.multipart.code.tex 2010/01/07 v3.0.1a (rcs-revision 1.2)

\pgfnodepartlowerbox=\box44
\pgfnodeparttwobox=\box45
\pgfnodepartthreebox=\box46
\pgfnodepartfourbox=\box47
\pgfnodeparttwentybox=\box48
\pgfnodepartnineteenbox=\box49
\pgfnodeparteighteenbox=\box50
\pgfnodepartseventeenbox=\box51
\pgfnodepartsixteenbox=\box52
\pgfnodepartfifteenbox=\box53
\pgfnodepartfourteenbox=\box54
\pgfnodepartthirteenbox=\box55
\pgfnodeparttwelvebox=\box56
\pgfnodepartelevenbox=\box57
\pgfnodeparttenbox=\box58
\pgfnodepartninebox=\box59
\pgfnodeparteightbox=\box60
\pgfnodepartsevenbox=\box61
\pgfnodepartsixbox=\box62
\pgfnodepartfivebox=\box63
))))))
(c:/Users/Cornelia/Documents/Programme/texlive/texmf-dist/tex/latex/listings/li
stings.sty
\lst@mode=\count125
\lst@gtempboxa=\box64
\lst@token=\toks35
\lst@length=\count126
\lst@currlwidth=\dimen177
\lst@column=\count127
\lst@pos=\count128
\lst@lostspace=\dimen178
\lst@width=\dimen179
\lst@newlines=\count129
\lst@lineno=\count130
\lst@maxwidth=\dimen180

(c:/Users/Cornelia/Documents/Programme/texlive/texmf-dist/tex/latex/listings/ls
tmisc.sty
File: lstmisc.sty 2015/06/04 1.6 (Carsten Heinz)
\c@lstnumber=\count131
\lst@skipnumbers=\count132
\lst@framebox=\box65
)
(c:/Users/Cornelia/Documents/Programme/texlive/texmf-dist/tex/latex/listings/li
stings.cfg
File: listings.cfg 2015/06/04 1.6 listings configuration
))
Package: listings 2015/06/04 1.6 (Carsten Heinz)

(c:/Users/Cornelia/Documents/Programme/texlive/texmf-dist/tex/latex/listings/ls
tlang1.sty
File: lstlang1.sty 2015/06/04 1.6 listings language file
)
(c:/Users/Cornelia/Documents/Programme/texlive/texmf-dist/tex/latex/pdfpages/pd
fpages.sty
Package: pdfpages 2016/04/19 v0.5f Insert pages of external PDF documents (AM)

(c:/Users/Cornelia/Documents/Programme/texlive/texmf-dist/tex/latex/base/ifthen
.sty
Package: ifthen 2014/09/29 v1.1c Standard LaTeX ifthen package (DPC)
)
(c:/Users/Cornelia/Documents/Programme/texlive/texmf-dist/tex/latex/tools/calc.
sty
Package: calc 2014/10/28 v4.3 Infix arithmetic (KKT,FJ)
\calc@Acount=\count133
\calc@Bcount=\count134
\calc@Adimen=\dimen181
\calc@Bdimen=\dimen182
\calc@Askip=\skip64
\calc@Bskip=\skip65
LaTeX Info: Redefining \setlength on input line 80.
LaTeX Info: Redefining \addtolength on input line 81.
\calc@Ccount=\count135
\calc@Cskip=\skip66
)
(c:/Users/Cornelia/Documents/Programme/texlive/texmf-dist/tex/latex/eso-pic/eso
-pic.sty
Package: eso-pic 2015/07/21 v2.0g eso-pic (RN)

(c:/Users/Cornelia/Documents/Programme/texlive/texmf-dist/tex/generic/oberdiek/
atbegshi.sty
Package: atbegshi 2016/06/09 v1.18 At begin shipout hook (HO)

(c:/Users/Cornelia/Documents/Programme/texlive/texmf-dist/tex/generic/oberdiek/
ifpdf.sty
Package: ifpdf 2016/05/14 v3.1 Provides the ifpdf switch
)))
\AM@pagewidth=\dimen183
\AM@pageheight=\dimen184

(c:/Users/Cornelia/Documents/Programme/texlive/texmf-dist/tex/latex/pdfpages/pp
pdftex.def
File: pppdftex.def 2016/04/19 v0.5f Pdfpages driver for pdfTeX (AM)
)
\AM@pagebox=\box66
\AM@global@opts=\toks36
\AM@toc@title=\toks37
\c@AM@survey=\count136
\AM@templatesizebox=\box67
)
(./‹bung 5 Cornelia Hofs‰ﬂ, Aleksej Davletcurin, Sascha Marcel Hacker.aux)
\openout1 = `"‹bung 5 Cornelia Hofs‰ﬂ, Aleksej Davletcurin, Sascha Marcel Hacke
r.aux"'.

LaTeX Font Info:    Checking defaults for OML/cmm/m/it on input line 13.
LaTeX Font Info:    ... okay on input line 13.
LaTeX Font Info:    Checking defaults for T1/cmr/m/n on input line 13.
LaTeX Font Info:    ... okay on input line 13.
LaTeX Font Info:    Checking defaults for OT1/cmr/m/n on input line 13.
LaTeX Font Info:    ... okay on input line 13.
LaTeX Font Info:    Checking defaults for OMS/cmsy/m/n on input line 13.
LaTeX Font Info:    ... okay on input line 13.
LaTeX Font Info:    Checking defaults for OMX/cmex/m/n on input line 13.
LaTeX Font Info:    ... okay on input line 13.
LaTeX Font Info:    Checking defaults for U/cmr/m/n on input line 13.
LaTeX Font Info:    ... okay on input line 13.
LaTeX Font Info:    Try loading font information for T1+cmss on input line 13.

(c:/Users/Cornelia/Documents/Programme/texlive/texmf-dist/tex/latex/base/t1cmss
.fd
File: t1cmss.fd 2014/09/29 v2.5h Standard LaTeX font definitions
)
(c:/Users/Cornelia/Documents/Programme/texlive/texmf-dist/tex/context/base/mkii
/supp-pdf.mkii
[Loading MPS to PDF converter (version 2006.09.02).]
\scratchcounter=\count137
\scratchdimen=\dimen185
\scratchbox=\box68
\nofMPsegments=\count138
\nofMParguments=\count139
\everyMPshowfont=\toks38
\MPscratchCnt=\count140
\MPscratchDim=\dimen186
\MPnumerator=\count141
\makeMPintoPDFobject=\count142
\everyMPtoPDFconversion=\toks39
)
(c:/Users/Cornelia/Documents/Programme/texlive/texmf-dist/tex/generic/oberdiek/
pdftexcmds.sty
Package: pdftexcmds 2016/05/21 v0.22 Utility functions of pdfTeX for LuaTeX (HO
)
Package pdftexcmds Info: LuaTeX not detected.
Package pdftexcmds Info: \pdf@primitive is available.
Package pdftexcmds Info: \pdf@ifprimitive is available.
Package pdftexcmds Info: \pdfdraftmode found.
)
(c:/Users/Cornelia/Documents/Programme/texlive/texmf-dist/tex/latex/oberdiek/ep
stopdf-base.sty
Package: epstopdf-base 2016/05/15 v2.6 Base part for package epstopdf

(c:/Users/Cornelia/Documents/Programme/texlive/texmf-dist/tex/latex/oberdiek/gr
fext.sty
Package: grfext 2016/05/16 v1.2 Manage graphics extensions (HO)

(c:/Users/Cornelia/Documents/Programme/texlive/texmf-dist/tex/generic/oberdiek/
kvdefinekeys.sty
Package: kvdefinekeys 2016/05/16 v1.4 Define keys (HO)
))
Package epstopdf-base Info: Redefining graphics rule for `.eps' on input line 4
38.
Package grfext Info: Graphics extension search list:
(grfext)             [.png,.pdf,.jpg,.mps,.jpeg,.jbig2,.jb2,.PNG,.PDF,.JPG,.JPE
G,.JBIG2,.JB2,.eps]
(grfext)             \AppendGraphicsExtensions on input line 456.

(c:/Users/Cornelia/Documents/Programme/texlive/texmf-dist/tex/latex/latexconfig
/epstopdf-sys.cfg
File: epstopdf-sys.cfg 2010/07/13 v1.3 Configuration of (r)epstopdf for TeX Liv
e
)) ABD: EveryShipout initializing macros
\c@lstlisting=\count143
\AtBeginShipoutBox=\box69

(c:/Users/Cornelia/Documents/Programme/texlive/texmf-dist/tex/latex/oberdiek/pd
flscape.sty
Package: pdflscape 2016/05/14 v0.11 Display of landscape pages in PDF (HO)

(c:/Users/Cornelia/Documents/Programme/texlive/texmf-dist/tex/latex/graphics/ls
cape.sty
Package: lscape 2000/10/22 v3.01 Landscape Pages (DPC)
)
Package pdflscape Info: Auto-detected driver: pdftex on input line 81.

(c:/Users/Cornelia/Documents/Programme/texlive/texmf-dist/tex/generic/ifxetex/i
fxetex.sty
Package: ifxetex 2010/09/12 v0.6 Provides ifxetex conditional
)) (./Aufgabe2a.sql
LaTeX Font Info:    Try loading font information for U+lasy on input line 17.

(c:/Users/Cornelia/Documents/Programme/texlive/texmf-dist/tex/latex/base/ulasy.
fd
File: ulasy.fd 1998/08/17 v2.2e LaTeX symbol font definitions
) <vsis.pdf, id=4, 774.57924pt x 774.62788pt> <use vsis.pdf>
Overfull \vbox (18.19798pt too high) has occurred while \output is active []


<use vsis.pdf>
Overfull \vbox (18.19798pt too high) has occurred while \output is active []

File: vsis.pdf Graphic file (type pdf)

<use vsis.pdf>
Package pdftex.def Info: vsis.pdf used on input line 17.
(pdftex.def)             Requested size: 62.59596pt x 62.59795pt.

Overfull \vbox (18.19798pt too high) has occurred while \output is active []


Overfull \vbox (77.26578pt too high) has occurred while \output is active []


[1{c:/Users/Cornelia/Documents/Programme/texlive/texmf-var/fonts/map/pdftex/upd
map/pdftex.map}

 <./vsis.pdf>])
Overfull \hbox (2.25018pt too wide) in paragraph at lines 39--40
[]\T1/cmss/m/n/10.95 Das Ein-f¸-gen des Tu-pels ist nicht zu-l‰s-sig, da sich d
ie Sicht Au-to_Union_Rennwagen auf die Sicht For-mel1_Wagen
 []

<use vsis.pdf>
Overfull \vbox (18.19798pt too high) has occurred while \output is active []


<use vsis.pdf>
Overfull \vbox (18.19798pt too high) has occurred while \output is active []

File: vsis.pdf Graphic file (type pdf)

<use vsis.pdf>
Package pdftex.def Info: vsis.pdf used on input line 50.
(pdftex.def)             Requested size: 62.59596pt x 62.59795pt.

Overfull \vbox (18.19798pt too high) has occurred while \output is active []


Overfull \vbox (77.26578pt too high) has occurred while \output is active []


[2] <use vsis.pdf>
Overfull \vbox (18.19798pt too high) has occurred while \output is active []


<use vsis.pdf>
Overfull \vbox (18.19798pt too high) has occurred while \output is active []

File: vsis.pdf Graphic file (type pdf)

<use vsis.pdf>
Package pdftex.def Info: vsis.pdf used on input line 54.
(pdftex.def)             Requested size: 62.59596pt x 62.59795pt.

Overfull \vbox (18.19798pt too high) has occurred while \output is active []


Overfull \vbox (77.26578pt too high) has occurred while \output is active []


[3] (./‹bung 5 Cornelia Hofs‰ﬂ, Aleksej Davletcurin, Sascha Marcel Hacker.aux) 
) 
Here is how much of TeX's memory you used:
 20382 strings out of 494893
 417035 string characters out of 6178435
 580456 words of memory out of 5000000
 23266 multiletter control sequences out of 15000+600000
 17621 words of font info for 52 fonts, out of 8000000 for 9000
 14 hyphenation exceptions out of 8191
 86i,24n,81p,8883b,2080s stack positions out of 5000i,500n,10000p,200000b,80000s
{c:/Users/Cornelia/Documents/Programme/texlive/texmf-dist/fonts/enc/dvips/cm-s
uper/cm-super-t1.enc}<c:/Users/Cornelia/Documents/Programme/texlive/texmf-dist/
fonts/type1/public/amsfonts/cm/cmss8.pfb><c:/Users/Cornelia/Documents/Programme
/texlive/texmf-dist/fonts/type1/public/cm-super/sfss0600.pfb><c:/Users/Cornelia
/Documents/Programme/texlive/texmf-dist/fonts/type1/public/cm-super/sfss1000.pf
b><c:/Users/Cornelia/Documents/Programme/texlive/texmf-dist/fonts/type1/public/
cm-super/sfss1095.pfb><c:/Users/Cornelia/Documents/Programme/texlive/texmf-dist
/fonts/type1/public/cm-super/sfsx1000.pfb><c:/Users/Cornelia/Documents/Programm
e/texlive/texmf-dist/fonts/type1/public/cm-super/sfsx1095.pfb><c:/Users/Corneli
a/Documents/Programme/texlive/texmf-dist/fonts/type1/public/cm-super/sfsx1200.p
fb><c:/Users/Cornelia/Documents/Programme/texlive/texmf-dist/fonts/type1/public
/cm-super/sfsx1440.pfb>
Output written on "‹bung 5 Cornelia Hofs‰ﬂ, Aleksej Davletcurin, Sascha Marcel 
Hacker.pdf" (3 pages, 246692 bytes).
PDF statistics:
 53 PDF objects out of 1000 (max. 8388607)
 38 compressed objects within 1 object stream
 0 named destinations out of 1000 (max. 500000)
 18 words of extra memory for PDF output out of 10000 (max. 10000000)

